<?xml version="1.0" encoding="UTF-8"?>
<testsuite xmlns:xsi="http://www.w3.org/2001/XMLSchema-instance" xsi:noNamespaceSchemaLocation="https://maven.apache.org/surefire/maven-surefire-plugin/xsd/surefire-test-report-3.0.xsd" version="3.0" name="com.sms.StudentServiceTest" time="0.224" tests="10" errors="0" skipped="0" failures="0">
  <properties>
[...]
</properties>
  <testcase name="testAddStudentWithInvalidEmail" classname="com.sms.StudentServiceTest" time="0.179">
    <system-err><![CDATA[Jun 28, 2025 12:36:35 AM com.sms.StudentDao <clinit>
INFO: MySQL JDBC Driver successfully registered
]]></system-err>
  </testcase>
  <testcase name="testSearchStudents" classname="com.sms.StudentServiceTest" time="0.003"/>
  <testcase name="testUpdateStudent" classname="com.sms.StudentServiceTest" time="0.003"/>
  <testcase name="testUpdateStudentWithInvalidData" classname="com.sms.StudentServiceTest" time="0"/>
  <testcase name="testAddValidStudent" classname="com.sms.StudentServiceTest" time="0"/>
  <testcase name="testAddStudentWithInvalidAge" classname="com.sms.StudentServiceTest" time="0"/>
  <testcase name="testDeleteStudent" classname="com.sms.StudentServiceTest" time="0"/>
  <testcase name="testGetNonExistingStudent" classname="com.sms.StudentServiceTest" time="0.001"/>
  <testcase name="testGetAllStudents" classname="com.sms.StudentServiceTest" time="0"/>
  <testcase name="testGetExistingStudent" classname="com.sms.StudentServiceTest" time="0"/>
</testsuite>