<?xml version="1.0" encoding="UTF-8"?>
<testsuite xmlns:xsi="http://www.w3.org/2001/XMLSchema-instance" xsi:noNamespaceSchemaLocation="https://maven.apache.org/surefire/maven-surefire-plugin/xsd/surefire-test-report-3.0.xsd" version="3.0" name="com.example.sms.integration.StudentIntegrationTest" time="9.932" tests="1" errors="0" skipped="0" failures="0">
  <properties>
[...]
</properties>
  <testcase name="repository_saves_student" classname="com.example.sms.integration.StudentIntegrationTest" time="0.395">
    <system-out><![CDATA[21:13:32.387 [main] INFO org.springframework.test.context.support.AnnotationConfigContextLoaderUtils -- Could not detect default configuration classes for test class [com.example.sms.integration.StudentIntegrationTest]: StudentIntegrationTest does not declare any static, non-private, non-final, nested classes annotated with @Configuration.
21:13:32.430 [main] INFO org.springframework.boot.test.context.SpringBootTestContextBootstrapper -- Found @SpringBootConfiguration com.example.sms.StudentManagementSystemApplication for test class com.example.sms.integration.StudentIntegrationTest
21:13:32.487 [main] INFO org.testcontainers.images.PullPolicy -- Image pull policy will be performed by: DefaultPullPolicy()
21:13:32.488 [main] INFO org.testcontainers.utility.ImageNameSubstitutor -- Image name substitution will be performed by: DefaultImageNameSubstitutor (composite of 'ConfigurationFileImageNameSubstitutor' and 'PrefixingImageNameSubstitutor')
21:13:32.620 [main] INFO org.testcontainers.dockerclient.DockerClientProviderStrategy -- Loaded org.testcontainers.dockerclient.UnixSocketClientProviderStrategy from ~/.testcontainers.properties, will try it first
21:13:32.763 [main] INFO org.testcontainers.dockerclient.DockerClientProviderStrategy -- Found Docker environment with local Unix socket (unix:///var/run/docker.sock)
21:13:32.763 [main] INFO org.testcontainers.DockerClientFactory -- Docker host IP address is localhost
21:13:32.781 [main] INFO org.testcontainers.DockerClientFactory -- Connected to docker: 
  Server Version: 27.4.0
  API Version: 1.47
  Operating System: Docker Desktop
  Total Memory: 3919 MB
21:13:32.833 [main] INFO tc.testcontainers/ryuk:0.7.0 -- Creating container for image: testcontainers/ryuk:0.7.0
21:13:33.084 [main] INFO tc.testcontainers/ryuk:0.7.0 -- Container testcontainers/ryuk:0.7.0 is starting: ac3981203c72ca674101e777836949dc36fd07a4a09f7ec8181a4a1f6647a4b4
21:13:33.372 [main] INFO tc.testcontainers/ryuk:0.7.0 -- Container testcontainers/ryuk:0.7.0 started in PT0.538592S
21:13:33.376 [main] INFO org.testcontainers.utility.RyukResourceReaper -- Ryuk started - will monitor and terminate Testcontainers containers on JVM exit
21:13:33.377 [main] INFO org.testcontainers.DockerClientFactory -- Checking the system...
21:13:33.377 [main] INFO org.testcontainers.DockerClientFactory -- ✔︎ Docker server version should be at least 1.6.0
21:13:33.379 [main] INFO tc.mysql:8.4 -- Creating container for image: mysql:8.4
21:13:33.457 [main] INFO tc.mysql:8.4 -- Container mysql:8.4 is starting: 55b8c92ef7a43fc565f8f144a686b0d0e417906a45452d3194b4f7fc29ba865c
21:13:33.656 [main] INFO tc.mysql:8.4 -- Waiting for database connection to become available at jdbc:mysql://localhost:51048/student_db using query 'SELECT 1'
21:13:39.796 [main] INFO tc.mysql:8.4 -- Container mysql:8.4 started in PT6.416964S
21:13:39.796 [main] INFO tc.mysql:8.4 -- Container is started (JDBC URL: jdbc:mysql://localhost:51048/student_db)
  .   ____          _            __ _ _
 /\\ / ___'_ __ _ _(_)_ __  __ _ \ \ \ \
( ( )\___ | '_ | '_| | '_ \/ _` | \ \ \ \
 \\/  ___)| |_)| | | | | || (_| |  ) ) ) )
  '  |____| .__|_| |_|_| |_\__, | / / / /
 =========|_|==============|___/=/_/_/_/

 :: Spring Boot ::                (v3.3.0)

2025-07-06T21:13:39.909+05:30  INFO 68360 --- [           main] c.e.s.i.StudentIntegrationTest           : Starting StudentIntegrationTest using Java 21.0.4 with PID 68360 (started by omsaib in /Users/omsaib/Desktop/JeevLifeWorks/week5/student-management-system)
2025-07-06T21:13:39.910+05:30  INFO 68360 --- [           main] c.e.s.i.StudentIntegrationTest           : No active profile set, falling back to 1 default profile: "default"
2025-07-06T21:13:40.300+05:30  INFO 68360 --- [           main] .s.d.r.c.RepositoryConfigurationDelegate : Bootstrapping Spring Data JPA repositories in DEFAULT mode.
2025-07-06T21:13:40.322+05:30  INFO 68360 --- [           main] .s.d.r.c.RepositoryConfigurationDelegate : Finished Spring Data repository scanning in 19 ms. Found 1 JPA repository interface.
2025-07-06T21:13:40.512+05:30  INFO 68360 --- [           main] o.hibernate.jpa.internal.util.LogHelper  : HHH000204: Processing PersistenceUnitInfo [name: default]
2025-07-06T21:13:40.539+05:30  INFO 68360 --- [           main] org.hibernate.Version                    : HHH000412: Hibernate ORM core version 6.5.2.Final
2025-07-06T21:13:40.554+05:30  INFO 68360 --- [           main] o.h.c.internal.RegionFactoryInitiator    : HHH000026: Second-level cache disabled
2025-07-06T21:13:40.704+05:30  INFO 68360 --- [           main] o.s.o.j.p.SpringPersistenceUnitInfo      : No LoadTimeWeaver setup: ignoring JPA class transformer
2025-07-06T21:13:40.715+05:30  INFO 68360 --- [           main] com.zaxxer.hikari.HikariDataSource       : HikariPool-1 - Starting...
2025-07-06T21:13:40.836+05:30  INFO 68360 --- [           main] com.zaxxer.hikari.pool.HikariPool        : HikariPool-1 - Added connection com.mysql.cj.jdbc.ConnectionImpl@21ed4a51
2025-07-06T21:13:40.836+05:30  INFO 68360 --- [           main] com.zaxxer.hikari.HikariDataSource       : HikariPool-1 - Start completed.
2025-07-06T21:13:40.862+05:30  WARN 68360 --- [           main] org.hibernate.orm.deprecation            : HHH90000025: MySQLDialect does not need to be specified explicitly using 'hibernate.dialect' (remove the property setting and it will be selected by default)
2025-07-06T21:13:41.223+05:30  INFO 68360 --- [           main] o.h.e.t.j.p.i.JtaPlatformInitiator       : HHH000489: No JTA platform available (set 'hibernate.transaction.jta.platform' to enable JTA platform integration)
Hibernate: create table students (id bigint not null auto_increment, address varchar(255), age integer not null, grade varchar(255), name varchar(255) not null, primary key (id)) engine=InnoDB
2025-07-06T21:13:41.268+05:30  INFO 68360 --- [           main] j.LocalContainerEntityManagerFactoryBean : Initialized JPA EntityManagerFactory for persistence unit 'default'
2025-07-06T21:13:41.459+05:30  WARN 68360 --- [           main] JpaBaseConfiguration$JpaWebConfiguration : spring.jpa.open-in-view is enabled by default. Therefore, database queries may be performed during view rendering. Explicitly configure spring.jpa.open-in-view to disable this warning
2025-07-06T21:13:41.644+05:30  INFO 68360 --- [           main] c.e.s.i.StudentIntegrationTest           : Started StudentIntegrationTest in 1.83 seconds (process running for 9.644)
Hibernate: insert into students (address,age,grade,name) values (?,?,?,?)
]]></system-out>
    <system-err><![CDATA[WARNING: A Java agent has been loaded dynamically (/Users/omsaib/.m2/repository/net/bytebuddy/byte-buddy-agent/1.14.16/byte-buddy-agent-1.14.16.jar)
WARNING: If a serviceability tool is in use, please run with -XX:+EnableDynamicAgentLoading to hide this warning
WARNING: If a serviceability tool is not in use, please run with -Djdk.instrument.traceUsage for more information
WARNING: Dynamic loading of agents will be disallowed by default in a future release
]]></system-err>
  </testcase>
</testsuite>